<?xml version="1.0" encoding="UTF-8"?>
<!-- Generated by org.testng.reporters.JUnitXMLReporter -->
<testsuite hostname="LAPTOP-B3SQQ4DT" name="Default test" tests="4" failures="0" timestamp="19 Nov 2020 13:22:56 GMT" time="38.801" errors="0">
  <testcase name="test" time="9.76" classname="test.SearchItemTest"/>
  <testcase name="test" time="8.21" classname="test.SearchItemTest"/>
  <testcase name="test" time="9.46" classname="test.SearchItemTest"/>
  <testcase name="test" time="8.359" classname="test.SearchItemTest"/>
</testsuite> <!-- Default test -->
